d:\vs2019\opengl\房间\x64\debug\vc140.pdb
d:\vs2019\opengl\房间\x64\debug\vc140.idb
d:\vs2019\opengl\房间\x64\debug\glad.obj
d:\vs2019\opengl\房间\x64\debug\fbo.obj
d:\vs2019\opengl\房间\x64\debug\main.obj
d:\vs2019\opengl\房间\x64\debug\misc.obj
d:\vs2019\opengl\房间\x64\debug\model.obj
d:\vs2019\opengl\indoordecoration\x64\debug\fbo.obj
d:\vs2019\opengl\indoordecoration\x64\debug\glad.obj
d:\vs2019\opengl\indoordecoration\x64\debug\main.obj
d:\vs2019\opengl\indoordecoration\x64\debug\misc.obj
d:\vs2019\opengl\indoordecoration\x64\debug\model.obj
d:\vs2019\opengl\indoordecoration\x64\debug\vc140.idb
d:\vs2019\opengl\indoordecoration\x64\debug\vc140.pdb
d:\vs2019\opengl\indoordecoration\x64\debug\房间.tlog\cl.command.1.tlog
d:\vs2019\opengl\indoordecoration\x64\debug\房间.tlog\cl.read.1.tlog
d:\vs2019\opengl\indoordecoration\x64\debug\房间.tlog\cl.write.1.tlog
d:\vs2019\opengl\indoordecoration\x64\debug\房间.tlog\link.command.1.tlog
d:\vs2019\opengl\indoordecoration\x64\debug\房间.tlog\link.read.1.tlog
d:\vs2019\opengl\indoordecoration\x64\debug\房间.tlog\link.write.1.tlog
